<?xml version="1.0" encoding="UTF-8"?>
<testsuite xmlns:xsi="http://www.w3.org/2001/XMLSchema-instance" xsi:noNamespaceSchemaLocation="https://maven.apache.org/surefire/maven-surefire-plugin/xsd/surefire-test-report.xsd" version="3.0.2" name="org.jjazz.purecore.harmony.HarmonyModelTest" time="0.087" tests="25" errors="0" skipped="0" failures="0">
  <properties>
[...]
</properties>
  <testcase name="testChordTypeLookup" classname="org.jjazz.purecore.harmony.HarmonyModelTest" time="0.025"/>
  <testcase name="testNotePitch" classname="org.jjazz.purecore.harmony.HarmonyModelTest" time="0.005"/>
  <testcase name="testChordAdd" classname="org.jjazz.purecore.harmony.HarmonyModelTest" time="0.001"/>
  <testcase name="testChordTypeMajor" classname="org.jjazz.purecore.harmony.HarmonyModelTest" time="0.0"/>
  <testcase name="testChordSymbolAltered" classname="org.jjazz.purecore.harmony.HarmonyModelTest" time="0.001"/>
  <testcase name="testChordSymbolParsing" classname="org.jjazz.purecore.harmony.HarmonyModelTest" time="0.0"/>
  <testcase name="testDegreeMostProbable" classname="org.jjazz.purecore.harmony.HarmonyModelTest" time="0.001"/>
  <testcase name="testPositionAbsoluteBeat" classname="org.jjazz.purecore.harmony.HarmonyModelTest" time="0.002"/>
  <testcase name="testNoteTranspose" classname="org.jjazz.purecore.harmony.HarmonyModelTest" time="0.0"/>
  <testcase name="testDegreePitch" classname="org.jjazz.purecore.harmony.HarmonyModelTest" time="0.0"/>
  <testcase name="testChordTypeDom7" classname="org.jjazz.purecore.harmony.HarmonyModelTest" time="0.001"/>
  <testcase name="testChordTypeMin7" classname="org.jjazz.purecore.harmony.HarmonyModelTest" time="0.0"/>
  <testcase name="testHalfDimChord" classname="org.jjazz.purecore.harmony.HarmonyModelTest" time="0.001"/>
  <testcase name="testChordSymbolSlash" classname="org.jjazz.purecore.harmony.HarmonyModelTest" time="0.01"/>
  <testcase name="testNoteClosestPitch" classname="org.jjazz.purecore.harmony.HarmonyModelTest" time="0.001"/>
  <testcase name="testNoteParsing" classname="org.jjazz.purecore.harmony.HarmonyModelTest" time="0.001"/>
  <testcase name="testScalePentatonic" classname="org.jjazz.purecore.harmony.HarmonyModelTest" time="0.002"/>
  <testcase name="testTimeSignature" classname="org.jjazz.purecore.harmony.HarmonyModelTest" time="0.001"/>
  <testcase name="testScaleMajor" classname="org.jjazz.purecore.harmony.HarmonyModelTest" time="0.001"/>
  <testcase name="testPosition" classname="org.jjazz.purecore.harmony.HarmonyModelTest" time="0.0"/>
  <testcase name="testChordRelativeEquality" classname="org.jjazz.purecore.harmony.HarmonyModelTest" time="0.0"/>
  <testcase name="testCm7ChordNotes" classname="org.jjazz.purecore.harmony.HarmonyModelTest" time="0.0"/>
  <testcase name="testChordTypeSimplify" classname="org.jjazz.purecore.harmony.HarmonyModelTest" time="0.004"/>
  <testcase name="testNoteRelativePitch" classname="org.jjazz.purecore.harmony.HarmonyModelTest" time="0.001"/>
  <testcase name="testNoteEquality" classname="org.jjazz.purecore.harmony.HarmonyModelTest" time="0.001"/>
</testsuite>